example/app/build/intermediates/manifest_merge_blame_file/release/manifest-merger-blame-release-report.txt
1<?xml version="1.0" encoding="utf-8"?>
2<manifest xmlns:android="http://schemas.android.com/apk/res/android"
3    package="com.example.goodoo_pay_native"
4    android:versionCode="1"
5    android:versionName="1.0.0" >
6
7    <uses-sdk
8        android:minSdkVersion="21"
9        android:targetSdkVersion="34" />
10
11    <uses-permission android:name="android.permission.INTERNET" />
11-->src/main/AndroidManifest.xml:4:5-67
11-->src/main/AndroidManifest.xml:4:22-64
12
13    <permission
13-->[androidx.core:core:1.13.1] AndroidManifest.xml:22:5-24:47
14        android:name="com.example.goodoo_pay_native.DYNAMIC_RECEIVER_NOT_EXPORTED_PERMISSION"
14-->[androidx.core:core:1.13.1] AndroidManifest.xml:23:9-81
15        android:protectionLevel="signature" />
15-->[androidx.core:core:1.13.1] AndroidManifest.xml:24:9-44
16
17    <uses-permission android:name="com.example.goodoo_pay_native.DYNAMIC_RECEIVER_NOT_EXPORTED_PERMISSION" />
17-->[androidx.core:core:1.13.1] AndroidManifest.xml:26:5-97
17-->[androidx.core:core:1.13.1] AndroidManifest.xml:26:22-94
18
19    <application
19-->src/main/AndroidManifest.xml:6:5-22:19
20        android:allowBackup="true"
20-->src/main/AndroidManifest.xml:7:9-35
21        android:appComponentFactory="androidx.core.app.CoreComponentFactory"
21-->[androidx.core:core:1.13.1] AndroidManifest.xml:28:18-86
22        android:extractNativeLibs="true"
23        android:icon="@mipmap/ic_launcher"
23-->src/main/AndroidManifest.xml:9:9-43
24        android:label="goodoo_pay_native_example"
24-->src/main/AndroidManifest.xml:8:9-50
25        android:supportsRtl="true"
25-->src/main/AndroidManifest.xml:10:9-35
26        android:theme="@style/Theme.AppCompat.Light.NoActionBar" >
26-->src/main/AndroidManifest.xml:11:9-65
27        <activity
27-->src/main/AndroidManifest.xml:13:9-20:20
28            android:name="com.example.goodoo_pay_native.MainActivity"
28-->src/main/AndroidManifest.xml:14:13-41
29            android:exported="true" >
29-->src/main/AndroidManifest.xml:15:13-36
30            <intent-filter>
30-->src/main/AndroidManifest.xml:16:13-19:29
31                <action android:name="android.intent.action.MAIN" />
31-->src/main/AndroidManifest.xml:17:17-69
31-->src/main/AndroidManifest.xml:17:25-66
32
33                <category android:name="android.intent.category.LAUNCHER" />
33-->src/main/AndroidManifest.xml:18:17-77
33-->src/main/AndroidManifest.xml:18:27-74
34            </intent-filter>
35        </activity>
36        <activity
36-->[com.goodoo.pay.sdk:goodoo_pay_sdk:1.0.0] AndroidManifest.xml:8:9-11:79
37            android:name="com.goodoo.pay.sdk.GoodooPayActivity"
37-->[com.goodoo.pay.sdk:goodoo_pay_sdk:1.0.0] AndroidManifest.xml:9:13-64
38            android:exported="false"
38-->[com.goodoo.pay.sdk:goodoo_pay_sdk:1.0.0] AndroidManifest.xml:10:13-37
39            android:theme="@android:style/Theme.Material.Light.NoActionBar" />
39-->[com.goodoo.pay.sdk:goodoo_pay_sdk:1.0.0] AndroidManifest.xml:11:13-76
40
41        <meta-data
41-->[com.goodoo.pay.sdk:goodoo_pay_flutter:1] AndroidManifest.xml:12:9-14:38
42            android:name="flutterProjectType"
42-->[com.goodoo.pay.sdk:goodoo_pay_flutter:1] AndroidManifest.xml:13:13-46
43            android:value="module" />
43-->[com.goodoo.pay.sdk:goodoo_pay_flutter:1] AndroidManifest.xml:14:13-35
44        <!--
45           Don't delete the meta-data below.
46           It is used by the Flutter tool to generate GeneratedPluginRegistrant.java
47        -->
48        <meta-data
48-->[com.goodoo.pay.sdk:goodoo_pay_flutter:1] AndroidManifest.xml:19:9-21:33
49            android:name="flutterEmbedding"
49-->[com.goodoo.pay.sdk:goodoo_pay_flutter:1] AndroidManifest.xml:20:13-44
50            android:value="2" />
50-->[com.goodoo.pay.sdk:goodoo_pay_flutter:1] AndroidManifest.xml:21:13-30
51        <!--
52           Declares a provider which allows us to store files to share in
53           '.../caches/share_plus' and grant the receiving action access
54        -->
55        <provider
55-->[dev.fluttercommunity.plus.share:share_plus_release:1] AndroidManifest.xml:13:9-21:20
56            android:name="dev.fluttercommunity.plus.share.ShareFileProvider"
56-->[dev.fluttercommunity.plus.share:share_plus_release:1] AndroidManifest.xml:14:13-77
57            android:authorities="com.example.goodoo_pay_native.flutter.share_provider"
57-->[dev.fluttercommunity.plus.share:share_plus_release:1] AndroidManifest.xml:15:13-74
58            android:exported="false"
58-->[dev.fluttercommunity.plus.share:share_plus_release:1] AndroidManifest.xml:16:13-37
59            android:grantUriPermissions="true" >
59-->[dev.fluttercommunity.plus.share:share_plus_release:1] AndroidManifest.xml:17:13-47
60            <meta-data
60-->[dev.fluttercommunity.plus.share:share_plus_release:1] AndroidManifest.xml:18:13-20:68
61                android:name="android.support.FILE_PROVIDER_PATHS"
61-->[dev.fluttercommunity.plus.share:share_plus_release:1] AndroidManifest.xml:19:17-67
62                android:resource="@xml/flutter_share_file_paths" />
62-->[dev.fluttercommunity.plus.share:share_plus_release:1] AndroidManifest.xml:20:17-65
63        </provider>
64        <!--
65           This manifest declared broadcast receiver allows us to use an explicit
66           Intent when creating a PendingItent to be informed of the user's choice
67        -->
68        <receiver
68-->[dev.fluttercommunity.plus.share:share_plus_release:1] AndroidManifest.xml:26:9-32:20
69            android:name="dev.fluttercommunity.plus.share.SharePlusPendingIntent"
69-->[dev.fluttercommunity.plus.share:share_plus_release:1] AndroidManifest.xml:27:13-82
70            android:exported="false" >
70-->[dev.fluttercommunity.plus.share:share_plus_release:1] AndroidManifest.xml:28:13-37
71            <intent-filter>
71-->[dev.fluttercommunity.plus.share:share_plus_release:1] AndroidManifest.xml:29:13-31:29
72                <action android:name="EXTRA_CHOSEN_COMPONENT" />
72-->[dev.fluttercommunity.plus.share:share_plus_release:1] AndroidManifest.xml:30:17-65
72-->[dev.fluttercommunity.plus.share:share_plus_release:1] AndroidManifest.xml:30:25-62
73            </intent-filter>
74        </receiver>
75
76        <activity
76-->[io.flutter.plugins.urllauncher:url_launcher_android_release:1] AndroidManifest.xml:8:9-11:74
77            android:name="io.flutter.plugins.urllauncher.WebViewActivity"
77-->[io.flutter.plugins.urllauncher:url_launcher_android_release:1] AndroidManifest.xml:9:13-74
78            android:exported="false"
78-->[io.flutter.plugins.urllauncher:url_launcher_android_release:1] AndroidManifest.xml:10:13-37
79            android:theme="@android:style/Theme.NoTitleBar.Fullscreen" />
79-->[io.flutter.plugins.urllauncher:url_launcher_android_release:1] AndroidManifest.xml:11:13-71
80
81        <provider
81-->[androidx.emoji2:emoji2:1.2.0] AndroidManifest.xml:24:9-32:20
82            android:name="androidx.startup.InitializationProvider"
82-->[androidx.emoji2:emoji2:1.2.0] AndroidManifest.xml:25:13-67
83            android:authorities="com.example.goodoo_pay_native.androidx-startup"
83-->[androidx.emoji2:emoji2:1.2.0] AndroidManifest.xml:26:13-68
84            android:exported="false" >
84-->[androidx.emoji2:emoji2:1.2.0] AndroidManifest.xml:27:13-37
85            <meta-data
85-->[androidx.emoji2:emoji2:1.2.0] AndroidManifest.xml:29:13-31:52
86                android:name="androidx.emoji2.text.EmojiCompatInitializer"
86-->[androidx.emoji2:emoji2:1.2.0] AndroidManifest.xml:30:17-75
87                android:value="androidx.startup" />
87-->[androidx.emoji2:emoji2:1.2.0] AndroidManifest.xml:31:17-49
88            <meta-data
88-->[androidx.lifecycle:lifecycle-process:2.7.0] AndroidManifest.xml:29:13-31:52
89                android:name="androidx.lifecycle.ProcessLifecycleInitializer"
89-->[androidx.lifecycle:lifecycle-process:2.7.0] AndroidManifest.xml:30:17-78
90                android:value="androidx.startup" />
90-->[androidx.lifecycle:lifecycle-process:2.7.0] AndroidManifest.xml:31:17-49
91            <meta-data
91-->[androidx.profileinstaller:profileinstaller:1.3.1] AndroidManifest.xml:29:13-31:52
92                android:name="androidx.profileinstaller.ProfileInstallerInitializer"
92-->[androidx.profileinstaller:profileinstaller:1.3.1] AndroidManifest.xml:30:17-85
93                android:value="androidx.startup" />
93-->[androidx.profileinstaller:profileinstaller:1.3.1] AndroidManifest.xml:31:17-49
94        </provider>
95
96        <uses-library
96-->[androidx.window:window:1.2.0] AndroidManifest.xml:23:9-25:40
97            android:name="androidx.window.extensions"
97-->[androidx.window:window:1.2.0] AndroidManifest.xml:24:13-54
98            android:required="false" />
98-->[androidx.window:window:1.2.0] AndroidManifest.xml:25:13-37
99        <uses-library
99-->[androidx.window:window:1.2.0] AndroidManifest.xml:26:9-28:40
100            android:name="androidx.window.sidecar"
100-->[androidx.window:window:1.2.0] AndroidManifest.xml:27:13-51
101            android:required="false" />
101-->[androidx.window:window:1.2.0] AndroidManifest.xml:28:13-37
102
103        <receiver
103-->[androidx.profileinstaller:profileinstaller:1.3.1] AndroidManifest.xml:34:9-52:20
104            android:name="androidx.profileinstaller.ProfileInstallReceiver"
104-->[androidx.profileinstaller:profileinstaller:1.3.1] AndroidManifest.xml:35:13-76
105            android:directBootAware="false"
105-->[androidx.profileinstaller:profileinstaller:1.3.1] AndroidManifest.xml:36:13-44
106            android:enabled="true"
106-->[androidx.profileinstaller:profileinstaller:1.3.1] AndroidManifest.xml:37:13-35
107            android:exported="true"
107-->[androidx.profileinstaller:profileinstaller:1.3.1] AndroidManifest.xml:38:13-36
108            android:permission="android.permission.DUMP" >
108-->[androidx.profileinstaller:profileinstaller:1.3.1] AndroidManifest.xml:39:13-57
109            <intent-filter>
109-->[androidx.profileinstaller:profileinstaller:1.3.1] AndroidManifest.xml:40:13-42:29
110                <action android:name="androidx.profileinstaller.action.INSTALL_PROFILE" />
110-->[androidx.profileinstaller:profileinstaller:1.3.1] AndroidManifest.xml:41:17-91
110-->[androidx.profileinstaller:profileinstaller:1.3.1] AndroidManifest.xml:41:25-88
111            </intent-filter>
112            <intent-filter>
112-->[androidx.profileinstaller:profileinstaller:1.3.1] AndroidManifest.xml:43:13-45:29
113                <action android:name="androidx.profileinstaller.action.SKIP_FILE" />
113-->[androidx.profileinstaller:profileinstaller:1.3.1] AndroidManifest.xml:44:17-85
113-->[androidx.profileinstaller:profileinstaller:1.3.1] AndroidManifest.xml:44:25-82
114            </intent-filter>
115            <intent-filter>
115-->[androidx.profileinstaller:profileinstaller:1.3.1] AndroidManifest.xml:46:13-48:29
116                <action android:name="androidx.profileinstaller.action.SAVE_PROFILE" />
116-->[androidx.profileinstaller:profileinstaller:1.3.1] AndroidManifest.xml:47:17-88
116-->[androidx.profileinstaller:profileinstaller:1.3.1] AndroidManifest.xml:47:25-85
117            </intent-filter>
118            <intent-filter>
118-->[androidx.profileinstaller:profileinstaller:1.3.1] AndroidManifest.xml:49:13-51:29
119                <action android:name="androidx.profileinstaller.action.BENCHMARK_OPERATION" />
119-->[androidx.profileinstaller:profileinstaller:1.3.1] AndroidManifest.xml:50:17-95
119-->[androidx.profileinstaller:profileinstaller:1.3.1] AndroidManifest.xml:50:25-92
120            </intent-filter>
121        </receiver>
122    </application>
123
124</manifest>